#
# A fatal error has been detected by the Java Runtime Environment:
#
#  EXCEPTION_ACCESS_VIOLATION (0xc0000005) at pc=0x000000006d61e360, pid=9968, tid=0x0000000000002520
#
# JRE version: Java(TM) SE Runtime Environment (8.0_161-b12) (build 1.8.0_161-b12)
# Java VM: Java HotSpot(TM) 64-Bit Server VM (25.161-b12 mixed mode windows-amd64 compressed oops)
# Problematic frame:
# C  [nvoglv64.DLL+0xfbe360]
#
# Failed to write core dump. Minidumps are not enabled by default on client versions of Windows
#
# If you would like to submit a bug report, please visit:
#   http://bugreport.java.com/bugreport/crash.jsp
# The crash happened outside the Java Virtual Machine in native code.
# See problematic frame for where to report the bug.
#

---------------  T H R E A D  ---------------

Current thread (0x0000000000b5e000):  JavaThread "main" [_thread_in_native, id=9504, stack(0x0000000000b60000,0x0000000000c60000)]

siginfo: ExceptionCode=0xc0000005, reading address 0x0000000000000000

Registers:
RAX=0x0000000000000040, RBX=0x00000000201aba90, RCX=0x000000002498aa78, RDX=0xffffffffdb675588
RSP=0x0000000000c5f218, RBP=0x0000000000000001, RSI=0x0000000000000004, RDI=0x000000002498aa78
R8 =0x0000000000000040, R9 =0x0000000000000004, R10=0x0000000000000000, R11=0x000000002498aa78
R12=0x0000000000000000, R13=0x000000006c660000, R14=0x0000000000000000, R15=0x00000000201ab810
RIP=0x000000006d61e360, EFLAGS=0x0000000000010287

Top of Stack: (sp=0x0000000000c5f218)
0x0000000000c5f218:   000000006d17406a 000000001bb19d00
0x0000000000c5f228:   0000000000c5f388 0000000000b5d9b0
0x0000000000c5f238:   000000006d00c05b 0000000000b5e000
0x0000000000c5f248:   0000000000000004 0000000000000000
0x0000000000c5f258:   000000000002810b 00000000201ab810
0x0000000000c5f268:   000000006d174e52 00000000201ab080
0x0000000000c5f278:   0000000000000005 0000000000000000
0x0000000000c5f288:   0000000002578497 0000000000b5e000
0x0000000000c5f298:   0000000000c5f388 000000001bb19d00
0x0000000000c5f2a8:   0000000000000000 0000000000000001
0x0000000000c5f2b8:   0000000002578627 000000001bb19d00
0x0000000000c5f2c8:   0000000000c5f348 0000000000000000
0x0000000000c5f2d8:   000000000257836b 0000000000000004
0x0000000000c5f2e8:   000000006d0c6f00 0000000000000000
0x0000000000c5f2f8:   0000000000b5e000 0000000002578322
0x0000000000c5f308:   0000000000c5f308 000000001bb19d00 

Instructions: (pc=0x000000006d61e360)
0x000000006d61e340:   29 41 c0 0f 29 49 d0 0f 10 44 0a e0 0f 10 4c 0a
0x000000006d61e350:   f0 75 ad 0f 29 41 e0 49 83 e0 7f 0f 28 c1 eb 0c
0x000000006d61e360:   0f 10 04 0a 48 83 c1 10 49 83 e8 10 4d 8b c8 49
0x000000006d61e370:   c1 e9 04 74 1c 66 66 66 0f 1f 84 00 00 00 00 00 


Register to memory mapping:

RAX=0x0000000000000040 is an unknown value
RBX=0x00000000201aba90 is an unknown value
RCX=0x000000002498aa78 is an unknown value
RDX=0xffffffffdb675588 is an unknown value
RSP=0x0000000000c5f218 is pointing into the stack for thread: 0x0000000000b5e000
RBP=0x0000000000000001 is an unknown value
RSI=0x0000000000000004 is an unknown value
RDI=0x000000002498aa78 is an unknown value
R8 =0x0000000000000040 is an unknown value
R9 =0x0000000000000004 is an unknown value
R10=0x0000000000000000 is an unknown value
R11=0x000000002498aa78 is an unknown value
R12=0x0000000000000000 is an unknown value
R13=0x000000006c660000 is an unknown value
R14=0x0000000000000000 is an unknown value
R15=0x00000000201ab810 is an unknown value


Stack: [0x0000000000b60000,0x0000000000c60000],  sp=0x0000000000c5f218,  free space=1020k
Native frames: (J=compiled Java code, j=interpreted, Vv=VM code, C=native code)
C  [nvoglv64.DLL+0xfbe360]
C  [nvoglv64.DLL+0xb1406a]
C  [nvoglv64.DLL+0xb14e52]
C  0x0000000002578627

Java frames: (J=compiled Java code, j=interpreted, Vv=VM code)
j  org.lwjgl.opengl.GL11.nglDrawArrays(IIIJ)V+0
j  org.lwjgl.opengl.GL11.glDrawArrays(III)V+20
j  guis.GuiRenderer.render(Ljava/util/List;)V+43
j  engineTester.MainGameLoop.main([Ljava/lang/String;)V+329
v  ~StubRoutines::call_stub

---------------  P R O C E S S  ---------------

Java Threads: ( => current thread )
  0x000000001ee42000 JavaThread "AWT-Windows" daemon [_thread_in_native, id=4736, stack(0x000000001f7b0000,0x000000001f8b0000)]
  0x000000001ee3e800 JavaThread "Java2D Disposer" daemon [_thread_blocked, id=608, stack(0x000000001f5b0000,0x000000001f6b0000)]
  0x000000001df66000 JavaThread "Service Thread" daemon [_thread_blocked, id=3696, stack(0x000000001eaa0000,0x000000001eba0000)]
  0x000000001df1f000 JavaThread "C1 CompilerThread3" daemon [_thread_blocked, id=9828, stack(0x000000001e9a0000,0x000000001eaa0000)]
  0x000000001deec800 JavaThread "C2 CompilerThread2" daemon [_thread_blocked, id=9412, stack(0x000000001e8a0000,0x000000001e9a0000)]
  0x000000001dee2000 JavaThread "C2 CompilerThread1" daemon [_thread_blocked, id=9880, stack(0x000000001e7a0000,0x000000001e8a0000)]
  0x000000001deb9000 JavaThread "C2 CompilerThread0" daemon [_thread_in_native, id=6484, stack(0x000000001e6a0000,0x000000001e7a0000)]
  0x000000001deb7000 JavaThread "Attach Listener" daemon [_thread_blocked, id=8328, stack(0x000000001e5a0000,0x000000001e6a0000)]
  0x000000001deb6000 JavaThread "Signal Dispatcher" daemon [_thread_blocked, id=8276, stack(0x000000001e4a0000,0x000000001e5a0000)]
  0x000000000249e000 JavaThread "Finalizer" daemon [_thread_blocked, id=5832, stack(0x000000001e290000,0x000000001e390000)]
  0x0000000002495000 JavaThread "Reference Handler" daemon [_thread_blocked, id=4804, stack(0x000000001dd90000,0x000000001de90000)]
=>0x0000000000b5e000 JavaThread "main" [_thread_in_native, id=9504, stack(0x0000000000b60000,0x0000000000c60000)]

Other Threads:
  0x000000001bf99000 VMThread [stack: 0x000000001dc90000,0x000000001dd90000] [id=4240]
  0x000000001df6f800 WatcherThread [stack: 0x000000001ecb0000,0x000000001edb0000] [id=4408]

VM state:not at safepoint (normal execution)

VM Mutex/Monitor currently owned by a thread: None

Heap:
 PSYoungGen      total 187392K, used 148401K [0x000000076b300000, 0x0000000790580000, 0x00000007c0000000)
  eden space 176640K, 84% used [0x000000076b300000,0x00000007743ec630,0x0000000775f80000)
  from space 10752K, 0% used [0x0000000775f80000,0x0000000775f80000,0x0000000776a00000)
  to   space 199168K, 0% used [0x0000000784300000,0x0000000784300000,0x0000000790580000)
 ParOldGen       total 1010176K, used 538920K [0x00000006c1800000, 0x00000006ff280000, 0x000000076b300000)
  object space 1010176K, 53% used [0x00000006c1800000,0x00000006e264a1c0,0x00000006ff280000)
 Metaspace       used 7672K, capacity 7843K, committed 8064K, reserved 1056768K
  class space    used 806K, capacity 864K, committed 896K, reserved 1048576K

Card table byte_map: [0x0000000011920000,0x0000000012120000] byte_map_base: 0x000000000e314000

Marking Bits: (ParMarkBitMap*) 0x000000006f4cf860
 Begin Bits: [0x0000000012e70000, 0x0000000016e10000)
 End Bits:   [0x0000000016e10000, 0x000000001adb0000)

Polling page: 0x00000000009d0000

CodeCache: size=245760Kb used=3389Kb max_used=3407Kb free=242370Kb
 bounds [0x0000000002560000, 0x00000000028c0000, 0x0000000011560000]
 total_blobs=1165 nmethods=699 adapters=380
 compilation: enabled

Compilation events (10 events):
Event: 10.883 Thread 0x000000001df1f000  695       3       org.lwjgl.util.vector.Matrix4f::setIdentity (5 bytes)
Event: 10.883 Thread 0x000000001df1f000 nmethod 695 0x000000000289ba10 code [0x000000000289bb80, 0x000000000289bd08]
Event: 10.883 Thread 0x000000001df1f000  696       3       org.lwjgl.util.vector.Matrix4f::setIdentity (82 bytes)
Event: 10.883 Thread 0x000000001deec800  697       4       java.nio.Buffer::flip (20 bytes)
Event: 10.883 Thread 0x000000001df1f000 nmethod 696 0x000000000289b650 code [0x000000000289b7a0, 0x000000000289b950]
Event: 10.884 Thread 0x000000001df1f000  698       3       shaders.ShaderProgram::loadFloat (6 bytes)
Event: 10.884 Thread 0x000000001deec800 nmethod 697 0x00000000028987d0 code [0x0000000002898900, 0x0000000002898978]
Event: 10.884 Thread 0x000000001df1f000 nmethod 698 0x000000000289a790 code [0x000000000289a980, 0x000000000289b138]
Event: 10.884 Thread 0x000000001df1f000  699       3       org.lwjgl.opengl.GL20::glUniform1f (20 bytes)
Event: 10.885 Thread 0x000000001df1f000 nmethod 699 0x0000000002899a90 code [0x0000000002899c60, 0x000000000289a398]

GC Heap History (10 events):
Event: 3.781 GC heap before
{Heap before GC invocations=4 (full 1):
 PSYoungGen      total 141824K, used 131072K [0x000000076b300000, 0x0000000774800000, 0x00000007c0000000)
  eden space 131072K, 100% used [0x000000076b300000,0x0000000773300000,0x0000000773300000)
  from space 10752K, 0% used [0x0000000773d80000,0x0000000773d80000,0x0000000774800000)
  to   space 10752K, 0% used [0x0000000773300000,0x0000000773300000,0x0000000773d80000)
 ParOldGen       total 299008K, used 119945K [0x00000006c1800000, 0x00000006d3c00000, 0x000000076b300000)
  object space 299008K, 40% used [0x00000006c1800000,0x00000006c8d22620,0x00000006d3c00000)
 Metaspace       used 6995K, capacity 7139K, committed 7296K, reserved 1056768K
  class space    used 739K, capacity 800K, committed 896K, reserved 1048576K
Event: 3.975 GC heap after
Heap after GC invocations=4 (full 1):
 PSYoungGen      total 141824K, used 10752K [0x000000076b300000, 0x0000000777480000, 0x00000007c0000000)
  eden space 131072K, 0% used [0x000000076b300000,0x000000076b300000,0x0000000773300000)
  from space 10752K, 100% used [0x0000000773300000,0x0000000773d80000,0x0000000773d80000)
  to   space 10752K, 0% used [0x0000000776a00000,0x0000000776a00000,0x0000000777480000)
 ParOldGen       total 299008K, used 236825K [0x00000006c1800000, 0x00000006d3c00000, 0x000000076b300000)
  object space 299008K, 79% used [0x00000006c1800000,0x00000006cff46620,0x00000006d3c00000)
 Metaspace       used 6995K, capacity 7139K, committed 7296K, reserved 1056768K
  class space    used 739K, capacity 800K, committed 896K, reserved 1048576K
}
Event: 3.975 GC heap before
{Heap before GC invocations=5 (full 2):
 PSYoungGen      total 141824K, used 10752K [0x000000076b300000, 0x0000000777480000, 0x00000007c0000000)
  eden space 131072K, 0% used [0x000000076b300000,0x000000076b300000,0x0000000773300000)
  from space 10752K, 100% used [0x0000000773300000,0x0000000773d80000,0x0000000773d80000)
  to   space 10752K, 0% used [0x0000000776a00000,0x0000000776a00000,0x0000000777480000)
 ParOldGen       total 299008K, used 236825K [0x00000006c1800000, 0x00000006d3c00000, 0x000000076b300000)
  object space 299008K, 79% used [0x00000006c1800000,0x00000006cff46620,0x00000006d3c00000)
 Metaspace       used 6995K, capacity 7139K, committed 7296K, reserved 1056768K
  class space    used 739K, capacity 800K, committed 896K, reserved 1048576K
Event: 5.269 GC heap after
Heap after GC invocations=5 (full 2):
 PSYoungGen      total 141824K, used 0K [0x000000076b300000, 0x0000000777480000, 0x00000007c0000000)
  eden space 131072K, 0% used [0x000000076b300000,0x000000076b300000,0x0000000773300000)
  from space 10752K, 0% used [0x0000000773300000,0x0000000773300000,0x0000000773d80000)
  to   space 10752K, 0% used [0x0000000776a00000,0x0000000776a00000,0x0000000777480000)
 ParOldGen       total 568320K, used 247084K [0x00000006c1800000, 0x00000006e4300000, 0x000000076b300000)
  object space 568320K, 43% used [0x00000006c1800000,0x00000006d094b160,0x00000006e4300000)
 Metaspace       used 6995K, capacity 7139K, committed 7296K, reserved 1056768K
  class space    used 739K, capacity 800K, committed 896K, reserved 1048576K
}
Event: 5.849 GC heap before
{Heap before GC invocations=6 (full 2):
 PSYoungGen      total 141824K, used 131072K [0x000000076b300000, 0x0000000777480000, 0x00000007c0000000)
  eden space 131072K, 100% used [0x000000076b300000,0x0000000773300000,0x0000000773300000)
  from space 10752K, 0% used [0x0000000773300000,0x0000000773300000,0x0000000773d80000)
  to   space 10752K, 0% used [0x0000000776a00000,0x0000000776a00000,0x0000000777480000)
 ParOldGen       total 568320K, used 247084K [0x00000006c1800000, 0x00000006e4300000, 0x000000076b300000)
  object space 568320K, 43% used [0x00000006c1800000,0x00000006d094b160,0x00000006e4300000)
 Metaspace       used 6995K, capacity 7139K, committed 7296K, reserved 1056768K
  class space    used 739K, capacity 800K, committed 896K, reserved 1048576K
Event: 6.048 GC heap after
Heap after GC invocations=6 (full 2):
 PSYoungGen      total 171520K, used 10752K [0x000000076b300000, 0x0000000777480000, 0x00000007c0000000)
  eden space 160768K, 0% used [0x000000076b300000,0x000000076b300000,0x0000000775000000)
  from space 10752K, 100% used [0x0000000776a00000,0x0000000777480000,0x0000000777480000)
  to   space 10752K, 0% used [0x0000000775f80000,0x0000000775f80000,0x0000000776a00000)
 ParOldGen       total 568320K, used 367932K [0x00000006c1800000, 0x00000006e4300000, 0x000000076b300000)
  object space 568320K, 64% used [0x00000006c1800000,0x00000006d7f4f160,0x00000006e4300000)
 Metaspace       used 6995K, capacity 7139K, committed 7296K, reserved 1056768K
  class space    used 739K, capacity 800K, committed 896K, reserved 1048576K
}
Event: 6.771 GC heap before
{Heap before GC invocations=7 (full 2):
 PSYoungGen      total 171520K, used 171520K [0x000000076b300000, 0x0000000777480000, 0x00000007c0000000)
  eden space 160768K, 100% used [0x000000076b300000,0x0000000775000000,0x0000000775000000)
  from space 10752K, 100% used [0x0000000776a00000,0x0000000777480000,0x0000000777480000)
  to   space 10752K, 0% used [0x0000000775f80000,0x0000000775f80000,0x0000000776a00000)
 ParOldGen       total 568320K, used 367932K [0x00000006c1800000, 0x00000006e4300000, 0x000000076b300000)
  object space 568320K, 64% used [0x00000006c1800000,0x00000006d7f4f160,0x00000006e4300000)
 Metaspace       used 6995K, capacity 7139K, committed 7296K, reserved 1056768K
  class space    used 739K, capacity 800K, committed 896K, reserved 1048576K
Event: 7.069 GC heap after
Heap after GC invocations=7 (full 2):
 PSYoungGen      total 187392K, used 10752K [0x000000076b300000, 0x0000000790580000, 0x00000007c0000000)
  eden space 176640K, 0% used [0x000000076b300000,0x000000076b300000,0x0000000775f80000)
  from space 10752K, 100% used [0x0000000775f80000,0x0000000776a00000,0x0000000776a00000)
  to   space 199168K, 0% used [0x0000000784300000,0x0000000784300000,0x0000000790580000)
 ParOldGen       total 568320K, used 529348K [0x00000006c1800000, 0x00000006e4300000, 0x000000076b300000)
  object space 568320K, 93% used [0x00000006c1800000,0x00000006e1cf1160,0x00000006e4300000)
 Metaspace       used 6995K, capacity 7139K, committed 7296K, reserved 1056768K
  class space    used 739K, capacity 800K, committed 896K, reserved 1048576K
}
Event: 7.069 GC heap before
{Heap before GC invocations=8 (full 3):
 PSYoungGen      total 187392K, used 10752K [0x000000076b300000, 0x0000000790580000, 0x00000007c0000000)
  eden space 176640K, 0% used [0x000000076b300000,0x000000076b300000,0x0000000775f80000)
  from space 10752K, 100% used [0x0000000775f80000,0x0000000776a00000,0x0000000776a00000)
  to   space 199168K, 0% used [0x0000000784300000,0x0000000784300000,0x0000000790580000)
 ParOldGen       total 568320K, used 529348K [0x00000006c1800000, 0x00000006e4300000, 0x000000076b300000)
  object space 568320K, 93% used [0x00000006c1800000,0x00000006e1cf1160,0x00000006e4300000)
 Metaspace       used 6995K, capacity 7139K, committed 7296K, reserved 1056768K
  class space    used 739K, capacity 800K, committed 896K, reserved 1048576K
Event: 9.732 GC heap after
Heap after GC invocations=8 (full 3):
 PSYoungGen      total 187392K, used 0K [0x000000076b300000, 0x0000000790580000, 0x00000007c0000000)
  eden space 176640K, 0% used [0x000000076b300000,0x000000076b300000,0x0000000775f80000)
  from space 10752K, 0% used [0x0000000775f80000,0x0000000775f80000,0x0000000776a00000)
  to   space 199168K, 0% used [0x0000000784300000,0x0000000784300000,0x0000000790580000)
 ParOldGen       total 1010176K, used 538920K [0x00000006c1800000, 0x00000006ff280000, 0x000000076b300000)
  object space 1010176K, 53% used [0x00000006c1800000,0x00000006e264a1c0,0x00000006ff280000)
 Metaspace       used 6995K, capacity 7139K, committed 7296K, reserved 1056768K
  class space    used 739K, capacity 800K, committed 896K, reserved 1048576K
}

Deoptimization events (10 events):
Event: 2.560 Thread 0x0000000000b5e000 Uncommon trap: reason=unstable_if action=reinterpret pc=0x00000000027bfda0 method=zeugs4D.World.getBlock(IIII)I @ 53
Event: 2.661 Thread 0x0000000000b5e000 Uncommon trap: reason=predicate action=maybe_recompile pc=0x00000000027cd2dc method=zeugs4D.Chunk.enclosed(Lzeugs4D/World;)V @ 55
Event: 2.730 Thread 0x0000000000b5e000 Uncommon trap: reason=unstable_if action=reinterpret pc=0x00000000027dd478 method=zeugs4D.Chunk.enclosed(Lzeugs4D/World;)V @ 374
Event: 3.208 Thread 0x0000000000b5e000 Uncommon trap: reason=unstable_if action=reinterpret pc=0x00000000027e7e84 method=zeugs4D.World.getBlock(IIII)I @ 41
Event: 3.208 Thread 0x0000000000b5e000 Uncommon trap: reason=unstable_if action=reinterpret pc=0x00000000027b9744 method=zeugs4D.World.getBlock(IIII)I @ 41
Event: 3.218 Thread 0x0000000000b5e000 Uncommon trap: reason=unstable_if action=reinterpret pc=0x00000000027f9c88 method=zeugs4D.World.getBlock(IIII)I @ 41
Event: 10.087 Thread 0x0000000000b5e000 Uncommon trap: reason=unstable_if action=reinterpret pc=0x000000000282a094 method=zeugs4D.World.getBlock(IIII)I @ 29
Event: 10.087 Thread 0x0000000000b5e000 Uncommon trap: reason=unstable_if action=reinterpret pc=0x00000000027c7790 method=zeugs4D.World.getBlock(IIII)I @ 29
Event: 10.089 Thread 0x0000000000b5e000 Uncommon trap: reason=unstable_if action=reinterpret pc=0x0000000002804bfc method=zeugs4D.World.getBlock(IIII)I @ 29
Event: 10.146 Thread 0x0000000000b5e000 Uncommon trap: reason=unstable_if action=reinterpret pc=0x0000000002817128 method=zeugs4D.World.getBlock(IIII)I @ 29

Classes redefined (0 events):
No events

Internal exceptions (10 events):
Event: 0.057 Thread 0x0000000000b5e000 Exception <a 'java/lang/NoSuchMethodError': Method sun.misc.Unsafe.prefetchRead(Ljava/lang/Object;J)V name or signature does not match> (0x000000076b307f88) thrown at [C:\re\workspace\8-2-build-windows-amd64-cygwin\jdk8u161\10277\hotspot\src\share\vm\prim
Event: 0.103 Thread 0x0000000000b5e000 Exception <a 'java/io/FileNotFoundException'> (0x000000076b35d000) thrown at [C:\re\workspace\8-2-build-windows-amd64-cygwin\jdk8u161\10277\hotspot\src\share\vm\prims\jni.cpp, line 709]
Event: 0.151 Thread 0x0000000000b5e000 Exception <a 'java/security/PrivilegedActionException'> (0x000000076b3df8b0) thrown at [C:\re\workspace\8-2-build-windows-amd64-cygwin\jdk8u161\10277\hotspot\src\share\vm\prims\jvm.cpp, line 1390]
Event: 0.151 Thread 0x0000000000b5e000 Exception <a 'java/security/PrivilegedActionException'> (0x000000076b3dfac0) thrown at [C:\re\workspace\8-2-build-windows-amd64-cygwin\jdk8u161\10277\hotspot\src\share\vm\prims\jvm.cpp, line 1390]
Event: 0.152 Thread 0x0000000000b5e000 Exception <a 'java/security/PrivilegedActionException'> (0x000000076b3e3730) thrown at [C:\re\workspace\8-2-build-windows-amd64-cygwin\jdk8u161\10277\hotspot\src\share\vm\prims\jvm.cpp, line 1390]
Event: 0.152 Thread 0x0000000000b5e000 Exception <a 'java/security/PrivilegedActionException'> (0x000000076b3e3940) thrown at [C:\re\workspace\8-2-build-windows-amd64-cygwin\jdk8u161\10277\hotspot\src\share\vm\prims\jvm.cpp, line 1390]
Event: 0.154 Thread 0x0000000000b5e000 Exception <a 'java/io/FileNotFoundException'> (0x000000076b3e6418) thrown at [C:\re\workspace\8-2-build-windows-amd64-cygwin\jdk8u161\10277\hotspot\src\share\vm\prims\jni.cpp, line 709]
Event: 0.191 Thread 0x0000000000b5e000 Exception <a 'java/lang/NoSuchFieldError': method resolution failed> (0x000000076b5fe5e8) thrown at [C:\re\workspace\8-2-build-windows-amd64-cygwin\jdk8u161\10277\hotspot\src\share\vm\prims\methodHandles.cpp, line 1167]
Event: 0.193 Thread 0x0000000000b5e000 Exception <a 'java/lang/NoSuchFieldError': method resolution failed> (0x000000076b60b9b8) thrown at [C:\re\workspace\8-2-build-windows-amd64-cygwin\jdk8u161\10277\hotspot\src\share\vm\prims\methodHandles.cpp, line 1167]
Event: 0.964 Thread 0x000000001eee7000 Exception <a 'java/io/FileNotFoundException'> (0x000000076bb1ac38) thrown at [C:\re\workspace\8-2-build-windows-amd64-cygwin\jdk8u161\10277\hotspot\src\share\vm\prims\jni.cpp, line 709]

Events (10 events):
Event: 10.686 loading class models/RawModel
Event: 10.686 loading class models/RawModel done
Event: 10.828 loading class guis/GuiTexture
Event: 10.828 loading class guis/GuiTexture done
Event: 10.845 loading class guis/GuiRenderer
Event: 10.845 loading class guis/GuiRenderer done
Event: 10.872 loading class toolbox/Maths
Event: 10.872 loading class toolbox/Maths done
Event: 10.873 loading class org/lwjgl/opengl/GL13
Event: 10.873 loading class org/lwjgl/opengl/GL13 done


Dynamic libraries:
0x00007ff787570000 - 0x00007ff7875a7000 	C:\Program Files\Java\jre1.8.0_161\bin\javaw.exe
0x00007ffda3df0000 - 0x00007ffda3f9d000 	C:\Windows\SYSTEM32\ntdll.dll
0x00007ffda3a20000 - 0x00007ffda3b5e000 	C:\Windows\system32\KERNEL32.DLL
0x00007ffda0ff0000 - 0x00007ffda1106000 	C:\Windows\system32\KERNELBASE.dll
0x00007ffd9fae0000 - 0x00007ffd9fb6e000 	C:\Windows\system32\apphelp.dll
0x00007ffd93530000 - 0x00007ffd93583000 	C:\Windows\AppPatch\AppPatch64\AcGenral.DLL
0x00007ffda30c0000 - 0x00007ffda316a000 	C:\Windows\system32\msvcrt.dll
0x00007ffda1400000 - 0x00007ffda142e000 	C:\Windows\system32\SspiCli.dll
0x00007ffda3440000 - 0x00007ffda3494000 	C:\Windows\system32\SHLWAPI.dll
0x00007ffda3680000 - 0x00007ffda37f7000 	C:\Windows\system32\USER32.dll
0x00007ffda3b80000 - 0x00007ffda3d14000 	C:\Windows\system32\ole32.dll
0x00007ffda1480000 - 0x00007ffda29ac000 	C:\Windows\system32\SHELL32.dll
0x00007ffda04b0000 - 0x00007ffda04d1000 	C:\Windows\SYSTEM32\USERENV.dll
0x00007ffda3170000 - 0x00007ffda321a000 	C:\Windows\system32\ADVAPI32.dll
0x00007ffd935a0000 - 0x00007ffd935be000 	C:\Windows\SYSTEM32\MPR.dll
0x00007ffda2b50000 - 0x00007ffda2c90000 	C:\Windows\system32\RPCRT4.dll
0x00007ffda3800000 - 0x00007ffda3859000 	C:\Windows\SYSTEM32\sechost.dll
0x00007ffda3220000 - 0x00007ffda3432000 	C:\Windows\SYSTEM32\combase.dll
0x00007ffda38c0000 - 0x00007ffda3a0b000 	C:\Windows\system32\GDI32.dll
0x00007ffda0f20000 - 0x00007ffda0f35000 	C:\Windows\SYSTEM32\profapi.dll
0x00007ffd9f4b0000 - 0x00007ffd9f562000 	C:\Windows\SYSTEM32\SHCORE.dll
0x00007ffda2e60000 - 0x00007ffda2e96000 	C:\Windows\system32\IMM32.DLL
0x00007ffda2ea0000 - 0x00007ffda2ff1000 	C:\Windows\system32\MSCTF.dll
0x00007ffd9e9c0000 - 0x00007ffd9ec3b000 	C:\Windows\WinSxS\amd64_microsoft.windows.common-controls_6595b64144ccf1df_6.0.9600.18006_none_623f33d3ecbe86e8\COMCTL32.dll
0x000000006ea30000 - 0x000000006eb02000 	C:\Program Files\Java\jre1.8.0_161\bin\msvcr100.dll
0x000000006ecb0000 - 0x000000006f54f000 	C:\Program Files\Java\jre1.8.0_161\bin\server\jvm.dll
0x00007ffd9f210000 - 0x00007ffd9f219000 	C:\Windows\SYSTEM32\WSOCK32.dll
0x00007ffd9d250000 - 0x00007ffd9d272000 	C:\Windows\SYSTEM32\WINMM.dll
0x00007ffd9d240000 - 0x00007ffd9d24a000 	C:\Windows\SYSTEM32\VERSION.dll
0x00007ffda3a10000 - 0x00007ffda3a17000 	C:\Windows\system32\PSAPI.DLL
0x00007ffda3860000 - 0x00007ffda38ba000 	C:\Windows\system32\WS2_32.dll
0x00007ffd9d1b0000 - 0x00007ffd9d1da000 	C:\Windows\SYSTEM32\WINMMBASE.dll
0x00007ffda3b60000 - 0x00007ffda3b69000 	C:\Windows\system32\NSI.dll
0x00007ffda1430000 - 0x00007ffda147f000 	C:\Windows\SYSTEM32\cfgmgr32.dll
0x00007ffd9fd30000 - 0x00007ffd9fd58000 	C:\Windows\SYSTEM32\DEVOBJ.dll
0x000000006eca0000 - 0x000000006ecaf000 	C:\Program Files\Java\jre1.8.0_161\bin\verify.dll
0x000000006ec70000 - 0x000000006ec99000 	C:\Program Files\Java\jre1.8.0_161\bin\java.dll
0x000000006ec50000 - 0x000000006ec66000 	C:\Program Files\Java\jre1.8.0_161\bin\zip.dll
0x000000006e890000 - 0x000000006ea28000 	C:\Program Files\Java\jre1.8.0_161\bin\awt.dll
0x00007ffda2a70000 - 0x00007ffda2b36000 	C:\Windows\system32\OLEAUT32.dll
0x00007ffd9fbb0000 - 0x00007ffd9fcd9000 	C:\Windows\system32\uxtheme.dll
0x00007ffd9f2b0000 - 0x00007ffd9f2d1000 	C:\Windows\system32\dwmapi.dll
0x00007ffd9fd80000 - 0x00007ffd9fd8b000 	C:\Windows\SYSTEM32\kernel.appcore.dll
0x00007ffda0f00000 - 0x00007ffda0f0b000 	C:\Windows\SYSTEM32\CRYPTBASE.dll
0x00007ffda0d80000 - 0x00007ffda0de3000 	C:\Windows\SYSTEM32\bcryptPrimitives.dll
0x0000000180000000 - 0x0000000180051000 	D:\eclipse\workspace\4DMazeGame\lib\natives\lwjgl64.dll
0x00007ffd912f0000 - 0x00007ffd9141b000 	C:\Windows\SYSTEM32\OPENGL32.dll
0x00007ffd9f1e0000 - 0x00007ffd9f20e000 	C:\Windows\SYSTEM32\GLU32.dll
0x00007ffd8bb40000 - 0x00007ffd8bc38000 	C:\Windows\SYSTEM32\DDRAW.dll
0x00007ffd9f220000 - 0x00007ffd9f229000 	C:\Windows\SYSTEM32\DCIMAN32.dll
0x000000006c660000 - 0x000000006e890000 	C:\Windows\SYSTEM32\nvoglv64.DLL
0x00007ffda34a0000 - 0x00007ffda367a000 	C:\Windows\system32\SETUPAPI.dll
0x00007ffd9f240000 - 0x00007ffd9f252000 	C:\Windows\SYSTEM32\WTSAPI32.dll
0x00007ffda13a0000 - 0x00007ffda13f1000 	C:\Windows\system32\WINTRUST.dll
0x00007ffda11c0000 - 0x00007ffda139f000 	C:\Windows\system32\CRYPT32.dll
0x00007ffda0fd0000 - 0x00007ffda0fe1000 	C:\Windows\system32\MSASN1.dll
0x00007ffd9cfe0000 - 0x00007ffd9d012000 	C:\Windows\SYSTEM32\ntmarta.dll
0x00007ffd85c20000 - 0x00007ffd85e86000 	C:\Windows\system32\nvspcap64.dll
0x00007ffd9add0000 - 0x00007ffd9ae62000 	C:\Windows\SYSTEM32\mscms.dll
0x00007ffd934e0000 - 0x00007ffd93521000 	C:\Windows\SYSTEM32\icm32.dll
0x00007ffda0eb0000 - 0x00007ffda0ef6000 	C:\Windows\SYSTEM32\powrprof.dll
0x00007ffda0280000 - 0x00007ffda02da000 	C:\Windows\SYSTEM32\WINSTA.dll
0x00007ffd9a580000 - 0x00007ffd9a7a1000 	C:\Windows\system32\d3d9.dll
0x00007ffd797d0000 - 0x00007ffd7a9a4000 	C:\Windows\SYSTEM32\nvd3dumx.dll
0x00007ffd9aaf0000 - 0x00007ffd9abdc000 	C:\Program Files (x86)\NVIDIA Corporation\3D Vision\nvSCPAPI64.dll
0x00007ffda2c90000 - 0x00007ffda2ca6000 	C:\Windows\system32\imagehlp.dll
0x00007ffda0920000 - 0x00007ffda0940000 	C:\Windows\SYSTEM32\CRYPTSP.dll
0x00007ffda0400000 - 0x00007ffda0436000 	C:\Windows\system32\rsaenh.dll
0x00007ffda0a60000 - 0x00007ffda0a86000 	C:\Windows\SYSTEM32\bcrypt.dll
0x00007ffda0a30000 - 0x00007ffda0a55000 	C:\Windows\SYSTEM32\ncrypt.dll
0x00007ffda09f0000 - 0x00007ffda0a27000 	C:\Windows\SYSTEM32\NTASN1.dll
0x00007ffd953d0000 - 0x00007ffd95559000 	C:\Windows\SYSTEM32\dbghelp.dll

VM Arguments:
jvm_args: -Djava.library.path=D:\eclipse\workspace\4DMazeGame\lib\natives -Dfile.encoding=Cp1252 
java_command: engineTester.MainGameLoop
java_class_path (initial): C:\Program Files\Java\jre1.8.0_161\lib\resources.jar;C:\Program Files\Java\jre1.8.0_161\lib\rt.jar;C:\Program Files\Java\jre1.8.0_161\lib\jsse.jar;C:\Program Files\Java\jre1.8.0_161\lib\jce.jar;C:\Program Files\Java\jre1.8.0_161\lib\charsets.jar;C:\Program Files\Java\jre1.8.0_161\lib\jfr.jar;C:\Program Files\Java\jre1.8.0_161\lib\ext\access-bridge-64.jar;C:\Program Files\Java\jre1.8.0_161\lib\ext\cldrdata.jar;C:\Program Files\Java\jre1.8.0_161\lib\ext\dnsns.jar;C:\Program Files\Java\jre1.8.0_161\lib\ext\jaccess.jar;C:\Program Files\Java\jre1.8.0_161\lib\ext\jfxrt.jar;C:\Program Files\Java\jre1.8.0_161\lib\ext\localedata.jar;C:\Program Files\Java\jre1.8.0_161\lib\ext\nashorn.jar;C:\Program Files\Java\jre1.8.0_161\lib\ext\sunec.jar;C:\Program Files\Java\jre1.8.0_161\lib\ext\sunjce_provider.jar;C:\Program Files\Java\jre1.8.0_161\lib\ext\sunmscapi.jar;C:\Program Files\Java\jre1.8.0_161\lib\ext\sunpkcs11.jar;C:\Program Files\Java\jre1.8.0_161\lib\ext\zipfs.jar;D:\eclipse\workspace\4DMinecraftTest\bin;D:\eclipse\workspace\4DMinecraftTest\lib\jars\lwjgl_util.jar;D:\eclipse\workspace\4DMinecraftTest\lib\jars\lwjgl.jar;D:\eclipse\workspace\4DMinecraftTest\lib\jars\slick-util.jar
Launcher Type: SUN_STANDARD

Environment Variables:
JAVA_HOME=C:\Program Files\Java\jdk1.8.0_161
PATH=C:/Program Files/Java/jre1.8.0_161/bin/server;C:/Program Files/Java/jre1.8.0_161/bin;C:/Program Files/Java/jre1.8.0_161/lib/amd64;C:\ProgramData\Oracle\Java\javapath;C:\Windows\system32;C:\Windows;C:\Windows\System32\Wbem;C:\Windows\System32\WindowsPowerShell\v1.0\;C:\Program Files (x86)\Skype\Phone\;C:\Program Files (x86)\Windows Live\Shared;C:\Program Files\Java\jdk1.8.0_161\bin;C:\Program Files (x86)\NVIDIA Corporation\PhysX\Common;D:\eclipse;
USERNAME=Robin
OS=Windows_NT
PROCESSOR_IDENTIFIER=AMD64 Family 21 Model 2 Stepping 0, AuthenticAMD



---------------  S Y S T E M  ---------------

OS: Windows 8.1 , 64 bit Build 9600 (6.3.9600.17415)

CPU:total 8 (initial active 8) (8 cores per cpu, 1 threads per core) family 21 model 2 stepping 0, cmov, cx8, fxsr, mmx, sse, sse2, sse3, ssse3, sse4.1, sse4.2, popcnt, avx, aes, clmul, mmxext, 3dnowpref, lzcnt, sse4a, tsc, tscinvbit, tscinv, bmi1

Memory: 4k page, physical 16672916k(11724508k free), swap 19163284k(12236440k free)

vm_info: Java HotSpot(TM) 64-Bit Server VM (25.161-b12) for windows-amd64 JRE (1.8.0_161-b12), built on Dec 19 2017 17:52:25 by "java_re" with MS VC++ 10.0 (VS2010)

time: Mon May 07 15:44:23 2018
elapsed time: 10 seconds (0d 0h 0m 10s)

