#
# A fatal error has been detected by the Java Runtime Environment:
#
#  EXCEPTION_ACCESS_VIOLATION (0xc0000005) at pc=0x000000006d61e360, pid=4516, tid=0x0000000000000168
#
# JRE version: Java(TM) SE Runtime Environment (8.0_161-b12) (build 1.8.0_161-b12)
# Java VM: Java HotSpot(TM) 64-Bit Server VM (25.161-b12 mixed mode windows-amd64 compressed oops)
# Problematic frame:
# C  [nvoglv64.DLL+0xfbe360]
#
# Failed to write core dump. Minidumps are not enabled by default on client versions of Windows
#
# If you would like to submit a bug report, please visit:
#   http://bugreport.java.com/bugreport/crash.jsp
# The crash happened outside the Java Virtual Machine in native code.
# See problematic frame for where to report the bug.
#

---------------  T H R E A D  ---------------

Current thread (0x0000000001e1e000):  JavaThread "main" [_thread_in_native, id=360, stack(0x0000000001d00000,0x0000000001e00000)]

siginfo: ExceptionCode=0xc0000005, reading address 0x0000000000000000

Registers:
RAX=0x0000000000000040, RBX=0x000000001fd33a90, RCX=0x0000000024561084, RDX=0xffffffffdba9ef7c
RSP=0x0000000001dff0e8, RBP=0x0000000000000001, RSI=0x0000000000000004, RDI=0x0000000024561084
R8 =0x0000000000000040, R9 =0x0000000000000004, R10=0x0000000000000000, R11=0x0000000024561084
R12=0x0000000000000000, R13=0x000000006c660000, R14=0x0000000000000000, R15=0x000000001fd33810
RIP=0x000000006d61e360, EFLAGS=0x0000000000010287

Top of Stack: (sp=0x0000000001dff0e8)
0x0000000001dff0e8:   000000006d17406a 000000001b589d00
0x0000000001dff0f8:   0000000001dff258 0000000001e1d9b0
0x0000000001dff108:   000000006d00c05b 0000000001e1e000
0x0000000001dff118:   0000000000000004 0000000000000000
0x0000000001dff128:   000000000002810b 000000001fd33810
0x0000000001dff138:   000000006d174e52 000000001fd33080
0x0000000001dff148:   0000000000000005 0000000000000000
0x0000000001dff158:   0000000001fe8497 0000000001e1e000
0x0000000001dff168:   0000000001dff258 000000001b589d00
0x0000000001dff178:   0000000000000000 0000000000000001
0x0000000001dff188:   0000000001fe8627 000000001b589d00
0x0000000001dff198:   0000000001dff218 0000000000000000
0x0000000001dff1a8:   0000000001fe836b 0000000000000004
0x0000000001dff1b8:   000000006d0c6f00 0000000000000000
0x0000000001dff1c8:   0000000001e1e000 0000000001fe8322
0x0000000001dff1d8:   0000000001dff1d8 000000001b589d00 

Instructions: (pc=0x000000006d61e360)
0x000000006d61e340:   29 41 c0 0f 29 49 d0 0f 10 44 0a e0 0f 10 4c 0a
0x000000006d61e350:   f0 75 ad 0f 29 41 e0 49 83 e0 7f 0f 28 c1 eb 0c
0x000000006d61e360:   0f 10 04 0a 48 83 c1 10 49 83 e8 10 4d 8b c8 49
0x000000006d61e370:   c1 e9 04 74 1c 66 66 66 0f 1f 84 00 00 00 00 00 


Register to memory mapping:

RAX=0x0000000000000040 is an unknown value
RBX=0x000000001fd33a90 is an unknown value
RCX=0x0000000024561084 is an unknown value
RDX=0xffffffffdba9ef7c is an unknown value
RSP=0x0000000001dff0e8 is pointing into the stack for thread: 0x0000000001e1e000
RBP=0x0000000000000001 is an unknown value
RSI=0x0000000000000004 is an unknown value
RDI=0x0000000024561084 is an unknown value
R8 =0x0000000000000040 is an unknown value
R9 =0x0000000000000004 is an unknown value
R10=0x0000000000000000 is an unknown value
R11=0x0000000024561084 is an unknown value
R12=0x0000000000000000 is an unknown value
R13=0x000000006c660000 is an unknown value
R14=0x0000000000000000 is an unknown value
R15=0x000000001fd33810 is an unknown value


Stack: [0x0000000001d00000,0x0000000001e00000],  sp=0x0000000001dff0e8,  free space=1020k
Native frames: (J=compiled Java code, j=interpreted, Vv=VM code, C=native code)
C  [nvoglv64.DLL+0xfbe360]
C  [nvoglv64.DLL+0xb1406a]
C  [nvoglv64.DLL+0xb14e52]
C  0x0000000001fe8627

Java frames: (J=compiled Java code, j=interpreted, Vv=VM code)
j  org.lwjgl.opengl.GL11.nglDrawArrays(IIIJ)V+0
j  org.lwjgl.opengl.GL11.glDrawArrays(III)V+20
j  guis.GuiRenderer.render(Ljava/util/List;)V+43
j  engineTester.MainGameLoop.main([Ljava/lang/String;)V+329
v  ~StubRoutines::call_stub

---------------  P R O C E S S  ---------------

Java Threads: ( => current thread )
  0x000000001e849800 JavaThread "AWT-Windows" daemon [_thread_in_native, id=3860, stack(0x000000001f1f0000,0x000000001f2f0000)]
  0x000000001e846000 JavaThread "Java2D Disposer" daemon [_thread_blocked, id=4948, stack(0x000000001eff0000,0x000000001f0f0000)]
  0x000000001d99b000 JavaThread "Service Thread" daemon [_thread_blocked, id=7632, stack(0x000000001e4e0000,0x000000001e5e0000)]
  0x000000001d911000 JavaThread "C1 CompilerThread3" daemon [_thread_blocked, id=7508, stack(0x000000001e3e0000,0x000000001e4e0000)]
  0x000000001d90d800 JavaThread "C2 CompilerThread2" daemon [_thread_in_native, id=9740, stack(0x000000001e2e0000,0x000000001e3e0000)]
  0x000000001d8fe000 JavaThread "C2 CompilerThread1" daemon [_thread_blocked, id=5028, stack(0x000000001e1e0000,0x000000001e2e0000)]
  0x000000001d8fb000 JavaThread "C2 CompilerThread0" daemon [_thread_blocked, id=3884, stack(0x000000001e0e0000,0x000000001e1e0000)]
  0x000000001d8f8800 JavaThread "Attach Listener" daemon [_thread_blocked, id=8232, stack(0x000000001dfe0000,0x000000001e0e0000)]
  0x000000001d8f7800 JavaThread "Signal Dispatcher" daemon [_thread_blocked, id=436, stack(0x000000001dee0000,0x000000001dfe0000)]
  0x0000000001fce000 JavaThread "Finalizer" daemon [_thread_blocked, id=2664, stack(0x000000001dcd0000,0x000000001ddd0000)]
  0x0000000001fc5000 JavaThread "Reference Handler" daemon [_thread_blocked, id=5868, stack(0x000000001d7d0000,0x000000001d8d0000)]
=>0x0000000001e1e000 JavaThread "main" [_thread_in_native, id=360, stack(0x0000000001d00000,0x0000000001e00000)]

Other Threads:
  0x000000001ba09000 VMThread [stack: 0x000000001d6d0000,0x000000001d7d0000] [id=9644]
  0x000000001d9b4800 WatcherThread [stack: 0x000000001e6f0000,0x000000001e7f0000] [id=7520]

VM state:not at safepoint (normal execution)

VM Mutex/Monitor currently owned by a thread: None

Heap:
 PSYoungGen      total 188416K, used 149261K [0x000000076b300000, 0x0000000790700000, 0x00000007c0000000)
  eden space 177664K, 84% used [0x000000076b300000,0x00000007744c3758,0x0000000776080000)
  from space 10752K, 0% used [0x0000000776080000,0x0000000776080000,0x0000000776b00000)
  to   space 199680K, 0% used [0x0000000784400000,0x0000000784400000,0x0000000790700000)
 ParOldGen       total 1009152K, used 539432K [0x00000006c1800000, 0x00000006ff180000, 0x000000076b300000)
  object space 1009152K, 53% used [0x00000006c1800000,0x00000006e26ca310,0x00000006ff180000)
 Metaspace       used 7673K, capacity 7843K, committed 8064K, reserved 1056768K
  class space    used 806K, capacity 864K, committed 896K, reserved 1048576K

Card table byte_map: [0x0000000011390000,0x0000000011b90000] byte_map_base: 0x000000000dd84000

Marking Bits: (ParMarkBitMap*) 0x000000006f4cf860
 Begin Bits: [0x00000000128e0000, 0x0000000016880000)
 End Bits:   [0x0000000016880000, 0x000000001a820000)

Polling page: 0x00000000005a0000

CodeCache: size=245760Kb used=3362Kb max_used=3362Kb free=242397Kb
 bounds [0x0000000001fd0000, 0x0000000002320000, 0x0000000010fd0000]
 total_blobs=1171 nmethods=705 adapters=380
 compilation: enabled

Compilation events (10 events):
Event: 10.866 Thread 0x000000001d911000  698       1       models.RawModel::getVertexCount (5 bytes)
Event: 10.866 Thread 0x000000001d911000 nmethod 698 0x00000000023144d0 code [0x0000000002314620, 0x0000000002314730]
Event: 10.866 Thread 0x000000001d911000  700       3       org.lwjgl.opengl.GL20::glEnableVertexAttribArray (19 bytes)
Event: 10.867 Thread 0x000000001d911000 nmethod 700 0x0000000002316910 code [0x0000000002316ae0, 0x00000000023171f8]
Event: 10.868 Thread 0x000000001d911000  702       3       org.lwjgl.opengl.GL20::glDisableVertexAttribArray (19 bytes)
Event: 10.869 Thread 0x000000001d911000 nmethod 702 0x0000000002317590 code [0x0000000002317760, 0x0000000002317e78]
Event: 10.871 Thread 0x000000001d911000  704       3       shaders.ShaderProgram::loadFloat (6 bytes)
Event: 10.872 Thread 0x000000001d911000 nmethod 704 0x0000000002318210 code [0x0000000002318400, 0x0000000002318bb8]
Event: 10.872 Thread 0x000000001d911000  705       3       org.lwjgl.opengl.GL20::glUniform1f (20 bytes)
Event: 10.872 Thread 0x000000001d911000 nmethod 705 0x00000000023190d0 code [0x00000000023192a0, 0x00000000023199d8]

GC Heap History (10 events):
Event: 3.770 GC heap before
{Heap before GC invocations=4 (full 1):
 PSYoungGen      total 141824K, used 131072K [0x000000076b300000, 0x0000000774800000, 0x00000007c0000000)
  eden space 131072K, 100% used [0x000000076b300000,0x0000000773300000,0x0000000773300000)
  from space 10752K, 0% used [0x0000000773d80000,0x0000000773d80000,0x0000000774800000)
  to   space 10752K, 0% used [0x0000000773300000,0x0000000773300000,0x0000000773d80000)
 ParOldGen       total 298496K, used 119945K [0x00000006c1800000, 0x00000006d3b80000, 0x000000076b300000)
  object space 298496K, 40% used [0x00000006c1800000,0x00000006c8d22730,0x00000006d3b80000)
 Metaspace       used 6995K, capacity 7139K, committed 7296K, reserved 1056768K
  class space    used 739K, capacity 800K, committed 896K, reserved 1048576K
Event: 3.958 GC heap after
Heap after GC invocations=4 (full 1):
 PSYoungGen      total 141824K, used 10752K [0x000000076b300000, 0x0000000777580000, 0x00000007c0000000)
  eden space 131072K, 0% used [0x000000076b300000,0x000000076b300000,0x0000000773300000)
  from space 10752K, 100% used [0x0000000773300000,0x0000000773d80000,0x0000000773d80000)
  to   space 10752K, 0% used [0x0000000776b00000,0x0000000776b00000,0x0000000777580000)
 ParOldGen       total 298496K, used 236841K [0x00000006c1800000, 0x00000006d3b80000, 0x000000076b300000)
  object space 298496K, 79% used [0x00000006c1800000,0x00000006cff4a730,0x00000006d3b80000)
 Metaspace       used 6995K, capacity 7139K, committed 7296K, reserved 1056768K
  class space    used 739K, capacity 800K, committed 896K, reserved 1048576K
}
Event: 3.958 GC heap before
{Heap before GC invocations=5 (full 2):
 PSYoungGen      total 141824K, used 10752K [0x000000076b300000, 0x0000000777580000, 0x00000007c0000000)
  eden space 131072K, 0% used [0x000000076b300000,0x000000076b300000,0x0000000773300000)
  from space 10752K, 100% used [0x0000000773300000,0x0000000773d80000,0x0000000773d80000)
  to   space 10752K, 0% used [0x0000000776b00000,0x0000000776b00000,0x0000000777580000)
 ParOldGen       total 298496K, used 236841K [0x00000006c1800000, 0x00000006d3b80000, 0x000000076b300000)
  object space 298496K, 79% used [0x00000006c1800000,0x00000006cff4a730,0x00000006d3b80000)
 Metaspace       used 6995K, capacity 7139K, committed 7296K, reserved 1056768K
  class space    used 739K, capacity 800K, committed 896K, reserved 1048576K
Event: 5.244 GC heap after
Heap after GC invocations=5 (full 2):
 PSYoungGen      total 141824K, used 0K [0x000000076b300000, 0x0000000777580000, 0x00000007c0000000)
  eden space 131072K, 0% used [0x000000076b300000,0x000000076b300000,0x0000000773300000)
  from space 10752K, 0% used [0x0000000773300000,0x0000000773300000,0x0000000773d80000)
  to   space 10752K, 0% used [0x0000000776b00000,0x0000000776b00000,0x0000000777580000)
 ParOldGen       total 567296K, used 247084K [0x00000006c1800000, 0x00000006e4200000, 0x000000076b300000)
  object space 567296K, 43% used [0x00000006c1800000,0x00000006d094b300,0x00000006e4200000)
 Metaspace       used 6995K, capacity 7139K, committed 7296K, reserved 1056768K
  class space    used 739K, capacity 800K, committed 896K, reserved 1048576K
}
Event: 5.836 GC heap before
{Heap before GC invocations=6 (full 2):
 PSYoungGen      total 141824K, used 131072K [0x000000076b300000, 0x0000000777580000, 0x00000007c0000000)
  eden space 131072K, 100% used [0x000000076b300000,0x0000000773300000,0x0000000773300000)
  from space 10752K, 0% used [0x0000000773300000,0x0000000773300000,0x0000000773d80000)
  to   space 10752K, 0% used [0x0000000776b00000,0x0000000776b00000,0x0000000777580000)
 ParOldGen       total 567296K, used 247084K [0x00000006c1800000, 0x00000006e4200000, 0x000000076b300000)
  object space 567296K, 43% used [0x00000006c1800000,0x00000006d094b300,0x00000006e4200000)
 Metaspace       used 6995K, capacity 7139K, committed 7296K, reserved 1056768K
  class space    used 739K, capacity 800K, committed 896K, reserved 1048576K
Event: 6.053 GC heap after
Heap after GC invocations=6 (full 2):
 PSYoungGen      total 172032K, used 10752K [0x000000076b300000, 0x0000000777580000, 0x00000007c0000000)
  eden space 161280K, 0% used [0x000000076b300000,0x000000076b300000,0x0000000775080000)
  from space 10752K, 100% used [0x0000000776b00000,0x0000000777580000,0x0000000777580000)
  to   space 10752K, 0% used [0x0000000776080000,0x0000000776080000,0x0000000776b00000)
 ParOldGen       total 567296K, used 367916K [0x00000006c1800000, 0x00000006e4200000, 0x000000076b300000)
  object space 567296K, 64% used [0x00000006c1800000,0x00000006d7f4b300,0x00000006e4200000)
 Metaspace       used 6995K, capacity 7139K, committed 7296K, reserved 1056768K
  class space    used 739K, capacity 800K, committed 896K, reserved 1048576K
}
Event: 6.801 GC heap before
{Heap before GC invocations=7 (full 2):
 PSYoungGen      total 172032K, used 172032K [0x000000076b300000, 0x0000000777580000, 0x00000007c0000000)
  eden space 161280K, 100% used [0x000000076b300000,0x0000000775080000,0x0000000775080000)
  from space 10752K, 100% used [0x0000000776b00000,0x0000000777580000,0x0000000777580000)
  to   space 10752K, 0% used [0x0000000776080000,0x0000000776080000,0x0000000776b00000)
 ParOldGen       total 567296K, used 367916K [0x00000006c1800000, 0x00000006e4200000, 0x000000076b300000)
  object space 567296K, 64% used [0x00000006c1800000,0x00000006d7f4b300,0x00000006e4200000)
 Metaspace       used 6995K, capacity 7139K, committed 7296K, reserved 1056768K
  class space    used 739K, capacity 800K, committed 896K, reserved 1048576K
Event: 7.090 GC heap after
Heap after GC invocations=7 (full 2):
 PSYoungGen      total 188416K, used 10752K [0x000000076b300000, 0x0000000790700000, 0x00000007c0000000)
  eden space 177664K, 0% used [0x000000076b300000,0x000000076b300000,0x0000000776080000)
  from space 10752K, 100% used [0x0000000776080000,0x0000000776b00000,0x0000000776b00000)
  to   space 199680K, 0% used [0x0000000784400000,0x0000000784400000,0x0000000790700000)
 ParOldGen       total 567296K, used 529860K [0x00000006c1800000, 0x00000006e4200000, 0x000000076b300000)
  object space 567296K, 93% used [0x00000006c1800000,0x00000006e1d71300,0x00000006e4200000)
 Metaspace       used 6995K, capacity 7139K, committed 7296K, reserved 1056768K
  class space    used 739K, capacity 800K, committed 896K, reserved 1048576K
}
Event: 7.090 GC heap before
{Heap before GC invocations=8 (full 3):
 PSYoungGen      total 188416K, used 10752K [0x000000076b300000, 0x0000000790700000, 0x00000007c0000000)
  eden space 177664K, 0% used [0x000000076b300000,0x000000076b300000,0x0000000776080000)
  from space 10752K, 100% used [0x0000000776080000,0x0000000776b00000,0x0000000776b00000)
  to   space 199680K, 0% used [0x0000000784400000,0x0000000784400000,0x0000000790700000)
 ParOldGen       total 567296K, used 529860K [0x00000006c1800000, 0x00000006e4200000, 0x000000076b300000)
  object space 567296K, 93% used [0x00000006c1800000,0x00000006e1d71300,0x00000006e4200000)
 Metaspace       used 6995K, capacity 7139K, committed 7296K, reserved 1056768K
  class space    used 739K, capacity 800K, committed 896K, reserved 1048576K
Event: 9.729 GC heap after
Heap after GC invocations=8 (full 3):
 PSYoungGen      total 188416K, used 0K [0x000000076b300000, 0x0000000790700000, 0x00000007c0000000)
  eden space 177664K, 0% used [0x000000076b300000,0x000000076b300000,0x0000000776080000)
  from space 10752K, 0% used [0x0000000776080000,0x0000000776080000,0x0000000776b00000)
  to   space 199680K, 0% used [0x0000000784400000,0x0000000784400000,0x0000000790700000)
 ParOldGen       total 1009152K, used 539432K [0x00000006c1800000, 0x00000006ff180000, 0x000000076b300000)
  object space 1009152K, 53% used [0x00000006c1800000,0x00000006e26ca310,0x00000006ff180000)
 Metaspace       used 6995K, capacity 7139K, committed 7296K, reserved 1056768K
  class space    used 739K, capacity 800K, committed 896K, reserved 1048576K
}

Deoptimization events (10 events):
Event: 1.922 Thread 0x0000000001e1e000 Uncommon trap: reason=unstable_if action=reinterpret pc=0x0000000002226f50 method=zeugs4D.World.getBlock(IIII)I @ 65
Event: 2.502 Thread 0x0000000001e1e000 Uncommon trap: reason=unstable_if action=reinterpret pc=0x000000000222d778 method=zeugs4D.World.getBlock(IIII)I @ 53
Event: 2.503 Thread 0x0000000001e1e000 Uncommon trap: reason=unstable_if action=reinterpret pc=0x0000000002241d20 method=zeugs4D.World.getBlock(IIII)I @ 53
Event: 2.673 Thread 0x0000000001e1e000 Uncommon trap: reason=predicate action=maybe_recompile pc=0x000000000224ba74 method=zeugs4D.Chunk.enclosed(Lzeugs4D/World;)V @ 55
Event: 3.138 Thread 0x0000000001e1e000 Uncommon trap: reason=unstable_if action=reinterpret pc=0x0000000002260100 method=zeugs4D.Chunk.enclosed(Lzeugs4D/World;)V @ 374
Event: 3.316 Thread 0x0000000001e1e000 Uncommon trap: reason=unstable_if action=reinterpret pc=0x0000000002223084 method=zeugs4D.World.getBlock(IIII)I @ 41
Event: 3.324 Thread 0x0000000001e1e000 Uncommon trap: reason=unstable_if action=reinterpret pc=0x00000000022765b0 method=zeugs4D.World.getBlock(IIII)I @ 41
Event: 3.352 Thread 0x0000000001e1e000 Uncommon trap: reason=unstable_if action=reinterpret pc=0x000000000226b710 method=zeugs4D.World.getBlock(IIII)I @ 41
Event: 10.069 Thread 0x0000000001e1e000 Uncommon trap: reason=unstable_if action=reinterpret pc=0x0000000002282484 method=zeugs4D.World.getBlock(IIII)I @ 29
Event: 10.069 Thread 0x0000000001e1e000 Uncommon trap: reason=unstable_if action=reinterpret pc=0x00000000022516d0 method=zeugs4D.World.getBlock(IIII)I @ 29

Classes redefined (0 events):
No events

Internal exceptions (10 events):
Event: 0.052 Thread 0x0000000001e1e000 Exception <a 'java/lang/NoSuchMethodError': Method sun.misc.Unsafe.prefetchRead(Ljava/lang/Object;J)V name or signature does not match> (0x000000076b307f88) thrown at [C:\re\workspace\8-2-build-windows-amd64-cygwin\jdk8u161\10277\hotspot\src\share\vm\prim
Event: 0.094 Thread 0x0000000001e1e000 Exception <a 'java/io/FileNotFoundException'> (0x000000076b35d000) thrown at [C:\re\workspace\8-2-build-windows-amd64-cygwin\jdk8u161\10277\hotspot\src\share\vm\prims\jni.cpp, line 709]
Event: 0.138 Thread 0x0000000001e1e000 Exception <a 'java/security/PrivilegedActionException'> (0x000000076b3df8b0) thrown at [C:\re\workspace\8-2-build-windows-amd64-cygwin\jdk8u161\10277\hotspot\src\share\vm\prims\jvm.cpp, line 1390]
Event: 0.138 Thread 0x0000000001e1e000 Exception <a 'java/security/PrivilegedActionException'> (0x000000076b3dfac0) thrown at [C:\re\workspace\8-2-build-windows-amd64-cygwin\jdk8u161\10277\hotspot\src\share\vm\prims\jvm.cpp, line 1390]
Event: 0.139 Thread 0x0000000001e1e000 Exception <a 'java/security/PrivilegedActionException'> (0x000000076b3e3730) thrown at [C:\re\workspace\8-2-build-windows-amd64-cygwin\jdk8u161\10277\hotspot\src\share\vm\prims\jvm.cpp, line 1390]
Event: 0.139 Thread 0x0000000001e1e000 Exception <a 'java/security/PrivilegedActionException'> (0x000000076b3e3940) thrown at [C:\re\workspace\8-2-build-windows-amd64-cygwin\jdk8u161\10277\hotspot\src\share\vm\prims\jvm.cpp, line 1390]
Event: 0.141 Thread 0x0000000001e1e000 Exception <a 'java/io/FileNotFoundException'> (0x000000076b3e6418) thrown at [C:\re\workspace\8-2-build-windows-amd64-cygwin\jdk8u161\10277\hotspot\src\share\vm\prims\jni.cpp, line 709]
Event: 0.178 Thread 0x0000000001e1e000 Exception <a 'java/lang/NoSuchFieldError': method resolution failed> (0x000000076b5fe5e8) thrown at [C:\re\workspace\8-2-build-windows-amd64-cygwin\jdk8u161\10277\hotspot\src\share\vm\prims\methodHandles.cpp, line 1167]
Event: 0.180 Thread 0x0000000001e1e000 Exception <a 'java/lang/NoSuchFieldError': method resolution failed> (0x000000076b60b9b8) thrown at [C:\re\workspace\8-2-build-windows-amd64-cygwin\jdk8u161\10277\hotspot\src\share\vm\prims\methodHandles.cpp, line 1167]
Event: 0.882 Thread 0x000000001e906000 Exception <a 'java/io/FileNotFoundException'> (0x000000076bb1abf8) thrown at [C:\re\workspace\8-2-build-windows-amd64-cygwin\jdk8u161\10277\hotspot\src\share\vm\prims\jni.cpp, line 709]

Events (10 events):
Event: 10.831 Thread 0x0000000001e1e000 DEOPT PACKING pc=0x00000000022bb965 sp=0x0000000001dfeca0
Event: 10.831 Thread 0x0000000001e1e000 DEOPT UNPACKING pc=0x0000000002017490 sp=0x0000000001dfe9c8 mode 0
Event: 10.831 Thread 0x0000000001e1e000 DEOPT PACKING pc=0x00000000022bb965 sp=0x0000000001dfeca0
Event: 10.831 Thread 0x0000000001e1e000 DEOPT UNPACKING pc=0x0000000002017490 sp=0x0000000001dfe9c8 mode 0
Event: 10.832 loading class guis/GuiRenderer
Event: 10.832 loading class guis/GuiRenderer done
Event: 10.860 loading class toolbox/Maths
Event: 10.860 loading class toolbox/Maths done
Event: 10.861 loading class org/lwjgl/opengl/GL13
Event: 10.861 loading class org/lwjgl/opengl/GL13 done


Dynamic libraries:
0x00007ff787570000 - 0x00007ff7875a7000 	C:\Program Files\Java\jre1.8.0_161\bin\javaw.exe
0x00007ffda3df0000 - 0x00007ffda3f9d000 	C:\Windows\SYSTEM32\ntdll.dll
0x00007ffda3a20000 - 0x00007ffda3b5e000 	C:\Windows\system32\KERNEL32.DLL
0x00007ffda0ff0000 - 0x00007ffda1106000 	C:\Windows\system32\KERNELBASE.dll
0x00007ffd9fae0000 - 0x00007ffd9fb6e000 	C:\Windows\system32\apphelp.dll
0x00007ffd934e0000 - 0x00007ffd93533000 	C:\Windows\AppPatch\AppPatch64\AcGenral.DLL
0x00007ffda30c0000 - 0x00007ffda316a000 	C:\Windows\system32\msvcrt.dll
0x00007ffda1400000 - 0x00007ffda142e000 	C:\Windows\system32\SspiCli.dll
0x00007ffda3440000 - 0x00007ffda3494000 	C:\Windows\system32\SHLWAPI.dll
0x00007ffda3680000 - 0x00007ffda37f7000 	C:\Windows\system32\USER32.dll
0x00007ffda3b80000 - 0x00007ffda3d14000 	C:\Windows\system32\ole32.dll
0x00007ffda1480000 - 0x00007ffda29ac000 	C:\Windows\system32\SHELL32.dll
0x00007ffda04b0000 - 0x00007ffda04d1000 	C:\Windows\SYSTEM32\USERENV.dll
0x00007ffda3170000 - 0x00007ffda321a000 	C:\Windows\system32\ADVAPI32.dll
0x00007ffd935a0000 - 0x00007ffd935be000 	C:\Windows\SYSTEM32\MPR.dll
0x00007ffda2b50000 - 0x00007ffda2c90000 	C:\Windows\system32\RPCRT4.dll
0x00007ffda3800000 - 0x00007ffda3859000 	C:\Windows\SYSTEM32\sechost.dll
0x00007ffda3220000 - 0x00007ffda3432000 	C:\Windows\SYSTEM32\combase.dll
0x00007ffda38c0000 - 0x00007ffda3a0b000 	C:\Windows\system32\GDI32.dll
0x00007ffda0f20000 - 0x00007ffda0f35000 	C:\Windows\SYSTEM32\profapi.dll
0x00007ffd9f4b0000 - 0x00007ffd9f562000 	C:\Windows\SYSTEM32\SHCORE.dll
0x00007ffda2e60000 - 0x00007ffda2e96000 	C:\Windows\system32\IMM32.DLL
0x00007ffda2ea0000 - 0x00007ffda2ff1000 	C:\Windows\system32\MSCTF.dll
0x00007ffd9e9c0000 - 0x00007ffd9ec3b000 	C:\Windows\WinSxS\amd64_microsoft.windows.common-controls_6595b64144ccf1df_6.0.9600.18006_none_623f33d3ecbe86e8\COMCTL32.dll
0x000000006ea30000 - 0x000000006eb02000 	C:\Program Files\Java\jre1.8.0_161\bin\msvcr100.dll
0x000000006ecb0000 - 0x000000006f54f000 	C:\Program Files\Java\jre1.8.0_161\bin\server\jvm.dll
0x00007ffd9f210000 - 0x00007ffd9f219000 	C:\Windows\SYSTEM32\WSOCK32.dll
0x00007ffd9d250000 - 0x00007ffd9d272000 	C:\Windows\SYSTEM32\WINMM.dll
0x00007ffd9d240000 - 0x00007ffd9d24a000 	C:\Windows\SYSTEM32\VERSION.dll
0x00007ffda3a10000 - 0x00007ffda3a17000 	C:\Windows\system32\PSAPI.DLL
0x00007ffda3860000 - 0x00007ffda38ba000 	C:\Windows\system32\WS2_32.dll
0x00007ffd9d1b0000 - 0x00007ffd9d1da000 	C:\Windows\SYSTEM32\WINMMBASE.dll
0x00007ffda3b60000 - 0x00007ffda3b69000 	C:\Windows\system32\NSI.dll
0x00007ffda1430000 - 0x00007ffda147f000 	C:\Windows\SYSTEM32\cfgmgr32.dll
0x00007ffd9fd30000 - 0x00007ffd9fd58000 	C:\Windows\SYSTEM32\DEVOBJ.dll
0x000000006eca0000 - 0x000000006ecaf000 	C:\Program Files\Java\jre1.8.0_161\bin\verify.dll
0x000000006ec70000 - 0x000000006ec99000 	C:\Program Files\Java\jre1.8.0_161\bin\java.dll
0x000000006ec50000 - 0x000000006ec66000 	C:\Program Files\Java\jre1.8.0_161\bin\zip.dll
0x000000006e890000 - 0x000000006ea28000 	C:\Program Files\Java\jre1.8.0_161\bin\awt.dll
0x00007ffda2a70000 - 0x00007ffda2b36000 	C:\Windows\system32\OLEAUT32.dll
0x00007ffd9fbb0000 - 0x00007ffd9fcd9000 	C:\Windows\system32\uxtheme.dll
0x00007ffd9f2b0000 - 0x00007ffd9f2d1000 	C:\Windows\system32\dwmapi.dll
0x00007ffd9fd80000 - 0x00007ffd9fd8b000 	C:\Windows\SYSTEM32\kernel.appcore.dll
0x00007ffda0f00000 - 0x00007ffda0f0b000 	C:\Windows\SYSTEM32\CRYPTBASE.dll
0x00007ffda0d80000 - 0x00007ffda0de3000 	C:\Windows\SYSTEM32\bcryptPrimitives.dll
0x0000000180000000 - 0x0000000180051000 	D:\eclipse\workspace\4DMazeGame\lib\natives\lwjgl64.dll
0x00007ffd912f0000 - 0x00007ffd9141b000 	C:\Windows\SYSTEM32\OPENGL32.dll
0x00007ffd9f1e0000 - 0x00007ffd9f20e000 	C:\Windows\SYSTEM32\GLU32.dll
0x00007ffd8bb40000 - 0x00007ffd8bc38000 	C:\Windows\SYSTEM32\DDRAW.dll
0x00007ffd9f220000 - 0x00007ffd9f229000 	C:\Windows\SYSTEM32\DCIMAN32.dll
0x000000006c660000 - 0x000000006e890000 	C:\Windows\SYSTEM32\nvoglv64.DLL
0x00007ffda34a0000 - 0x00007ffda367a000 	C:\Windows\system32\SETUPAPI.dll
0x00007ffd9f240000 - 0x00007ffd9f252000 	C:\Windows\SYSTEM32\WTSAPI32.dll
0x00007ffda13a0000 - 0x00007ffda13f1000 	C:\Windows\system32\WINTRUST.dll
0x00007ffda11c0000 - 0x00007ffda139f000 	C:\Windows\system32\CRYPT32.dll
0x00007ffda0fd0000 - 0x00007ffda0fe1000 	C:\Windows\system32\MSASN1.dll
0x00007ffd9cfe0000 - 0x00007ffd9d012000 	C:\Windows\SYSTEM32\ntmarta.dll
0x00007ffd85c20000 - 0x00007ffd85e86000 	C:\Windows\system32\nvspcap64.dll
0x00007ffd9add0000 - 0x00007ffd9ae62000 	C:\Windows\SYSTEM32\mscms.dll
0x00007ffd93490000 - 0x00007ffd934d1000 	C:\Windows\SYSTEM32\icm32.dll
0x00007ffda0eb0000 - 0x00007ffda0ef6000 	C:\Windows\SYSTEM32\powrprof.dll
0x00007ffda0280000 - 0x00007ffda02da000 	C:\Windows\SYSTEM32\WINSTA.dll
0x00007ffd9a580000 - 0x00007ffd9a7a1000 	C:\Windows\system32\d3d9.dll
0x00007ffd797d0000 - 0x00007ffd7a9a4000 	C:\Windows\SYSTEM32\nvd3dumx.dll
0x00007ffd9aaf0000 - 0x00007ffd9abdc000 	C:\Program Files (x86)\NVIDIA Corporation\3D Vision\nvSCPAPI64.dll
0x00007ffda2c90000 - 0x00007ffda2ca6000 	C:\Windows\system32\imagehlp.dll
0x00007ffda0920000 - 0x00007ffda0940000 	C:\Windows\SYSTEM32\CRYPTSP.dll
0x00007ffda0400000 - 0x00007ffda0436000 	C:\Windows\system32\rsaenh.dll
0x00007ffda0a60000 - 0x00007ffda0a86000 	C:\Windows\SYSTEM32\bcrypt.dll
0x00007ffda0a30000 - 0x00007ffda0a55000 	C:\Windows\SYSTEM32\ncrypt.dll
0x00007ffda09f0000 - 0x00007ffda0a27000 	C:\Windows\SYSTEM32\NTASN1.dll
0x00007ffd953d0000 - 0x00007ffd95559000 	C:\Windows\SYSTEM32\dbghelp.dll

VM Arguments:
jvm_args: -Djava.library.path=D:\eclipse\workspace\4DMazeGame\lib\natives -Dfile.encoding=Cp1252 
java_command: engineTester.MainGameLoop
java_class_path (initial): C:\Program Files\Java\jre1.8.0_161\lib\resources.jar;C:\Program Files\Java\jre1.8.0_161\lib\rt.jar;C:\Program Files\Java\jre1.8.0_161\lib\jsse.jar;C:\Program Files\Java\jre1.8.0_161\lib\jce.jar;C:\Program Files\Java\jre1.8.0_161\lib\charsets.jar;C:\Program Files\Java\jre1.8.0_161\lib\jfr.jar;C:\Program Files\Java\jre1.8.0_161\lib\ext\access-bridge-64.jar;C:\Program Files\Java\jre1.8.0_161\lib\ext\cldrdata.jar;C:\Program Files\Java\jre1.8.0_161\lib\ext\dnsns.jar;C:\Program Files\Java\jre1.8.0_161\lib\ext\jaccess.jar;C:\Program Files\Java\jre1.8.0_161\lib\ext\jfxrt.jar;C:\Program Files\Java\jre1.8.0_161\lib\ext\localedata.jar;C:\Program Files\Java\jre1.8.0_161\lib\ext\nashorn.jar;C:\Program Files\Java\jre1.8.0_161\lib\ext\sunec.jar;C:\Program Files\Java\jre1.8.0_161\lib\ext\sunjce_provider.jar;C:\Program Files\Java\jre1.8.0_161\lib\ext\sunmscapi.jar;C:\Program Files\Java\jre1.8.0_161\lib\ext\sunpkcs11.jar;C:\Program Files\Java\jre1.8.0_161\lib\ext\zipfs.jar;D:\eclipse\workspace\4DMinecraftTest\bin;D:\eclipse\workspace\4DMinecraftTest\lib\jars\lwjgl_util.jar;D:\eclipse\workspace\4DMinecraftTest\lib\jars\lwjgl.jar;D:\eclipse\workspace\4DMinecraftTest\lib\jars\slick-util.jar
Launcher Type: SUN_STANDARD

Environment Variables:
JAVA_HOME=C:\Program Files\Java\jdk1.8.0_161
PATH=C:/Program Files/Java/jre1.8.0_161/bin/server;C:/Program Files/Java/jre1.8.0_161/bin;C:/Program Files/Java/jre1.8.0_161/lib/amd64;C:\ProgramData\Oracle\Java\javapath;C:\Windows\system32;C:\Windows;C:\Windows\System32\Wbem;C:\Windows\System32\WindowsPowerShell\v1.0\;C:\Program Files (x86)\Skype\Phone\;C:\Program Files (x86)\Windows Live\Shared;C:\Program Files\Java\jdk1.8.0_161\bin;C:\Program Files (x86)\NVIDIA Corporation\PhysX\Common;D:\eclipse;
USERNAME=Robin
OS=Windows_NT
PROCESSOR_IDENTIFIER=AMD64 Family 21 Model 2 Stepping 0, AuthenticAMD



---------------  S Y S T E M  ---------------

OS: Windows 8.1 , 64 bit Build 9600 (6.3.9600.17415)

CPU:total 8 (initial active 8) (8 cores per cpu, 1 threads per core) family 21 model 2 stepping 0, cmov, cx8, fxsr, mmx, sse, sse2, sse3, ssse3, sse4.1, sse4.2, popcnt, avx, aes, clmul, mmxext, 3dnowpref, lzcnt, sse4a, tsc, tscinvbit, tscinv, bmi1

Memory: 4k page, physical 16672916k(11737460k free), swap 19163284k(12255196k free)

vm_info: Java HotSpot(TM) 64-Bit Server VM (25.161-b12) for windows-amd64 JRE (1.8.0_161-b12), built on Dec 19 2017 17:52:25 by "java_re" with MS VC++ 10.0 (VS2010)

time: Mon May 07 15:45:51 2018
elapsed time: 10 seconds (0d 0h 0m 10s)

